2025-03-12 10:49:20,308 - kubeconfig_service - INFO - Starting KubeConfig Management Service
2025-03-12 10:49:20,309 - kubeconfig_service - INFO - Creating database and tables if they don't exist
2025-03-12 11:07:20,366 - kubeconfig_service - ERROR - Dev token validation error: Signature verification failed.
2025-03-12 11:07:40,316 - kubeconfig_service - ERROR - Dev token validation error: Signature verification failed.
2025-03-12 11:07:45,703 - kubeconfig_service - ERROR - Dev token validation error: Signature verification failed.
2025-03-12 11:07:47,052 - kubeconfig_service - ERROR - Dev token validation error: Signature verification failed.
2025-03-12 11:08:37,723 - kubeconfig_service - ERROR - Dev token validation error: Signature verification failed.
2025-03-12 11:09:18,534 - kubeconfig_service - ERROR - Dev token validation error: Signature verification failed.
2025-03-12 11:16:06,923 - kubeconfig_service - INFO - Starting KubeConfig Management Service
2025-03-12 11:16:06,924 - kubeconfig_service - INFO - Creating database and tables if they don't exist
2025-03-12 11:16:08,353 - kubeconfig_service - INFO - Starting KubeConfig Management Service
2025-03-12 11:16:08,353 - kubeconfig_service - INFO - Creating database and tables if they don't exist
2025-03-15 10:11:32,386 - kubeconfig_service - INFO - Starting KubeConfig Management Service
2025-03-15 10:11:32,387 - kubeconfig_service - INFO - Creating database and tables if they don't exist
2025-03-15 10:21:22,068 - kubeconfig_service - INFO - Starting KubeConfig Management Service
2025-03-15 10:21:22,068 - kubeconfig_service - INFO - Creating database and tables if they don't exist
2025-03-15 10:30:51,639 - kubeconfig_service - INFO - Starting KubeConfig Management Service
2025-03-15 10:30:51,639 - kubeconfig_service - INFO - Creating database and tables if they don't exist
2025-03-15 10:50:05,696 - kubeconfig_service - INFO - Starting KubeConfig Management Service
2025-03-15 10:50:05,696 - kubeconfig_service - INFO - Creating database and tables if they don't exist
2025-03-15 10:56:39,158 - kubeconfig_service - INFO - Starting KubeConfig Management Service
2025-03-15 10:56:39,158 - kubeconfig_service - INFO - Creating database and tables if they don't exist
2025-03-15 10:57:57,356 - kubeconfig_service - INFO - Starting KubeConfig Management Service
2025-03-15 10:57:57,357 - kubeconfig_service - INFO - Creating database and tables if they don't exist
2025-03-15 11:04:45,052 - kubeconfig_service - INFO - Starting KubeConfig Management Service
2025-03-15 11:04:45,052 - kubeconfig_service - INFO - Creating database and tables if they don't exist
2025-03-15 11:04:47,234 - kubeconfig_service - INFO - Starting KubeConfig Management Service
2025-03-15 11:04:47,234 - kubeconfig_service - INFO - Creating database and tables if they don't exist
2025-03-15 11:04:49,899 - kubeconfig_service - INFO - Starting KubeConfig Management Service
2025-03-15 11:04:49,899 - kubeconfig_service - INFO - Creating database and tables if they don't exist
2025-03-15 11:04:52,327 - kubeconfig_service - INFO - Starting KubeConfig Management Service
2025-03-15 11:04:52,327 - kubeconfig_service - INFO - Creating database and tables if they don't exist
2025-03-15 11:04:57,428 - kubeconfig_service - INFO - Starting KubeConfig Management Service
2025-03-15 11:04:57,428 - kubeconfig_service - INFO - Creating database and tables if they don't exist
2025-03-15 11:04:58,629 - kubeconfig_service - INFO - Starting KubeConfig Management Service
2025-03-15 11:04:58,629 - kubeconfig_service - INFO - Creating database and tables if they don't exist
2025-03-15 11:05:03,031 - kubeconfig_service - INFO - Starting KubeConfig Management Service
2025-03-15 11:05:03,031 - kubeconfig_service - INFO - Creating database and tables if they don't exist
2025-03-15 11:05:05,937 - kubeconfig_service - INFO - Starting KubeConfig Management Service
2025-03-15 11:05:05,937 - kubeconfig_service - INFO - Creating database and tables if they don't exist
2025-03-15 11:15:34,910 - kubeconfig_service - INFO - Starting KubeConfig Management Service
2025-03-15 11:15:34,911 - kubeconfig_service - INFO - Creating database and tables if they don't exist
2025-03-15 11:15:48,573 - kubeconfig_service - INFO - Starting KubeConfig Management Service
2025-03-15 11:15:48,573 - kubeconfig_service - INFO - Creating database and tables if they don't exist
2025-03-15 11:16:11,166 - kubeconfig_service - INFO - Starting KubeConfig Management Service
2025-03-15 11:16:11,166 - kubeconfig_service - INFO - Creating database and tables if they don't exist
2025-03-15 11:19:59,211 - kubeconfig_service - INFO - Starting KubeConfig Management Service
2025-03-15 11:19:59,211 - kubeconfig_service - INFO - Creating database and tables if they don't exist
2025-03-15 11:20:06,650 - kubeconfig_service - INFO - Starting KubeConfig Management Service
2025-03-15 11:20:06,650 - kubeconfig_service - INFO - Creating database and tables if they don't exist
2025-03-15 11:20:26,231 - kubeconfig_service - INFO - Starting KubeConfig Management Service
2025-03-15 11:20:26,231 - kubeconfig_service - INFO - Creating database and tables if they don't exist
2025-03-15 11:20:42,858 - kubeconfig_service - INFO - Starting KubeConfig Management Service
2025-03-15 11:20:42,859 - kubeconfig_service - INFO - Creating database and tables if they don't exist
2025-03-15 11:22:01,508 - kubeconfig_service - ERROR - Dev token validation error: Signature verification failed.
2025-03-15 11:23:53,163 - kubeconfig_service - INFO - Starting KubeConfig Management Service
2025-03-15 11:23:53,163 - kubeconfig_service - INFO - Creating database and tables if they don't exist
2025-03-15 11:24:12,711 - kubeconfig_service - INFO - Starting KubeConfig Management Service
2025-03-15 11:24:12,711 - kubeconfig_service - INFO - Creating database and tables if they don't exist
2025-03-15 11:24:21,528 - kubeconfig_service - INFO - Starting KubeConfig Management Service
2025-03-15 11:24:21,528 - kubeconfig_service - INFO - Creating database and tables if they don't exist
2025-03-15 11:24:24,668 - kubeconfig_service - INFO - Starting KubeConfig Management Service
2025-03-15 11:24:24,668 - kubeconfig_service - INFO - Creating database and tables if they don't exist
2025-03-15 11:24:26,067 - kubeconfig_service - INFO - Starting KubeConfig Management Service
2025-03-15 11:24:26,067 - kubeconfig_service - INFO - Creating database and tables if they don't exist
2025-03-15 11:24:28,964 - kubeconfig_service - INFO - Starting KubeConfig Management Service
2025-03-15 11:24:28,965 - kubeconfig_service - INFO - Creating database and tables if they don't exist
2025-03-15 11:24:31,658 - kubeconfig_service - INFO - Starting KubeConfig Management Service
2025-03-15 11:24:31,659 - kubeconfig_service - INFO - Creating database and tables if they don't exist
2025-03-15 11:24:39,391 - kubeconfig_service - INFO - Starting KubeConfig Management Service
2025-03-15 11:24:39,391 - kubeconfig_service - INFO - Creating database and tables if they don't exist
2025-03-15 11:30:23,223 - kubeconfig_service - ERROR - Error executing command: [Errno 2] No such file or directory: 'kubectl'
2025-03-15 11:30:23,224 - kubeconfig_service - ERROR - Error uploading kubeconfig: 500: An error occurred: [Errno 2] No such file or directory: 'kubectl'
2025-03-15 11:31:23,129 - kubeconfig_service - INFO - Starting KubeConfig Management Service
2025-03-15 11:31:23,129 - kubeconfig_service - INFO - Creating database and tables if they don't exist
2025-03-15 11:31:27,887 - kubeconfig_service - ERROR - Error executing command: [Errno 2] No such file or directory: 'kubectl'
2025-03-15 11:31:27,887 - kubeconfig_service - ERROR - Error uploading kubeconfig: 500: An error occurred: [Errno 2] No such file or directory: 'kubectl'
2025-03-15 11:44:29,175 - kubeconfig_service - INFO - Starting KubeConfig Management Service
2025-03-15 11:44:29,176 - kubeconfig_service - INFO - Creating database and tables if they don't exist
2025-03-15 11:44:44,276 - kubeconfig_service - INFO - Starting KubeConfig Management Service
2025-03-15 11:44:44,276 - kubeconfig_service - INFO - Creating database and tables if they don't exist
2025-03-15 11:44:49,496 - kubeconfig_service - ERROR - Dev token validation error: Signature verification failed.
2025-03-15 11:45:09,440 - kubeconfig_service - ERROR - Dev token validation error: Signature verification failed.
2025-03-15 11:49:44,537 - kubeconfig_service - INFO - Starting KubeConfig Management Service
2025-03-15 11:49:44,537 - kubeconfig_service - INFO - Creating database and tables if they don't exist
2025-03-15 11:49:47,160 - kubeconfig_service - INFO - Starting KubeConfig Management Service
2025-03-15 11:49:47,160 - kubeconfig_service - INFO - Creating database and tables if they don't exist
2025-03-15 11:49:49,054 - kubeconfig_service - INFO - Starting KubeConfig Management Service
2025-03-15 11:49:49,054 - kubeconfig_service - INFO - Creating database and tables if they don't exist
2025-03-15 11:49:52,289 - kubeconfig_service - INFO - Starting KubeConfig Management Service
2025-03-15 11:49:52,289 - kubeconfig_service - INFO - Creating database and tables if they don't exist
2025-03-15 11:49:54,335 - kubeconfig_service - INFO - Starting KubeConfig Management Service
2025-03-15 11:49:54,335 - kubeconfig_service - INFO - Creating database and tables if they don't exist
2025-03-15 11:50:06,343 - kubeconfig_service - INFO - Starting KubeConfig Management Service
2025-03-15 11:50:06,343 - kubeconfig_service - INFO - Creating database and tables if they don't exist
2025-03-15 12:06:29,395 - kubeconfig_service - ERROR - Dev token validation error: Signature verification failed.
2025-03-15 12:07:03,821 - kubeconfig_service - INFO - Starting KubeConfig Management Service
2025-03-15 12:07:03,821 - kubeconfig_service - INFO - Creating database and tables if they don't exist
2025-03-15 12:11:57,197 - kubeconfig_service - INFO - Starting KubeConfig Management Service
2025-03-15 12:11:57,198 - kubeconfig_service - INFO - Creating database and tables if they don't exist
2025-03-15 12:14:34,572 - kubeconfig_service - ERROR - Dev token validation error: Signature verification failed.
2025-03-15 12:14:51,865 - kubeconfig_service - INFO - Starting KubeConfig Management Service
2025-03-15 12:14:51,865 - kubeconfig_service - INFO - Creating database and tables if they don't exist
2025-03-15 12:14:57,176 - kubeconfig_service - INFO - Starting KubeConfig Management Service
2025-03-15 12:14:57,176 - kubeconfig_service - INFO - Creating database and tables if they don't exist
2025-03-15 12:14:59,609 - kubeconfig_service - INFO - Starting KubeConfig Management Service
2025-03-15 12:14:59,609 - kubeconfig_service - INFO - Creating database and tables if they don't exist
2025-03-15 12:15:01,035 - kubeconfig_service - ERROR - Error executing command: [Errno 2] No such file or directory: 'kubectl'
2025-03-15 12:15:01,036 - kubeconfig_service - ERROR - Error uploading kubeconfig: 500: An error occurred: [Errno 2] No such file or directory: 'kubectl'
2025-03-15 12:16:29,567 - kubeconfig_service - INFO - Starting KubeConfig Management Service
2025-03-15 12:16:29,567 - kubeconfig_service - INFO - Creating database and tables if they don't exist
2025-03-15 12:16:42,209 - kubeconfig_service - ERROR - Token validation failed: {"detail":"Could not validate credentials"}
2025-03-15 12:16:42,210 - kubeconfig_service - ERROR - Error in authentication: 401: Could not validate credentials
2025-03-15 12:18:02,659 - kubeconfig_service - INFO - Starting KubeConfig Management Service
2025-03-15 12:18:02,659 - kubeconfig_service - INFO - Creating database and tables if they don't exist
2025-03-15 12:18:26,496 - kubeconfig_service - ERROR - Dev token validation error: Signature verification failed.
2025-03-15 12:18:33,012 - kubeconfig_service - ERROR - Dev token validation error: Signature verification failed.
2025-03-15 12:18:54,496 - kubeconfig_service - INFO - Starting KubeConfig Management Service
2025-03-15 12:18:54,497 - kubeconfig_service - INFO - Creating database and tables if they don't exist
2025-03-15 12:19:04,132 - kubeconfig_service - INFO - Starting KubeConfig Management Service
2025-03-15 12:19:04,132 - kubeconfig_service - INFO - Creating database and tables if they don't exist
2025-03-15 12:19:16,098 - kubeconfig_service - INFO - Starting KubeConfig Management Service
2025-03-15 12:19:16,098 - kubeconfig_service - INFO - Creating database and tables if they don't exist
2025-03-15 12:19:23,319 - kubeconfig_service - INFO - Starting KubeConfig Management Service
2025-03-15 12:19:23,319 - kubeconfig_service - INFO - Creating database and tables if they don't exist
2025-03-15 12:19:25,588 - kubeconfig_service - INFO - Starting KubeConfig Management Service
2025-03-15 12:19:25,588 - kubeconfig_service - INFO - Creating database and tables if they don't exist
2025-03-15 12:19:26,980 - kubeconfig_service - INFO - Starting KubeConfig Management Service
2025-03-15 12:19:26,980 - kubeconfig_service - INFO - Creating database and tables if they don't exist
2025-03-15 12:19:28,735 - kubeconfig_service - INFO - Starting KubeConfig Management Service
2025-03-15 12:19:28,735 - kubeconfig_service - INFO - Creating database and tables if they don't exist
2025-03-15 12:19:30,888 - kubeconfig_service - INFO - Starting KubeConfig Management Service
2025-03-15 12:19:30,888 - kubeconfig_service - INFO - Creating database and tables if they don't exist
2025-03-15 12:19:50,694 - kubeconfig_service - INFO - Starting KubeConfig Management Service
2025-03-15 12:19:50,694 - kubeconfig_service - INFO - Creating database and tables if they don't exist
2025-03-15 12:20:03,155 - kubeconfig_service - INFO - Starting KubeConfig Management Service
2025-03-15 12:20:03,155 - kubeconfig_service - INFO - Creating database and tables if they don't exist
2025-03-15 12:20:19,095 - kubeconfig_service - INFO - Starting KubeConfig Management Service
2025-03-15 12:20:19,095 - kubeconfig_service - INFO - Creating database and tables if they don't exist
2025-03-15 12:20:41,737 - kubeconfig_service - INFO - Starting KubeConfig Management Service
2025-03-15 12:20:41,737 - kubeconfig_service - INFO - Creating database and tables if they don't exist
2025-03-15 12:28:29,547 - kubeconfig_service - INFO - Starting KubeConfig Management Service
2025-03-15 12:28:29,547 - kubeconfig_service - INFO - Creating database and tables if they don't exist
2025-03-15 12:31:00,136 - kubeconfig_service - ERROR - Error executing command: [Errno 2] No such file or directory: 'kubectl'
2025-03-15 12:31:00,136 - kubeconfig_service - ERROR - Error uploading kubeconfig: 500: An error occurred: [Errno 2] No such file or directory: 'kubectl'
2025-03-15 12:34:54,115 - kubeconfig_service - ERROR - Error executing command: [Errno 2] No such file or directory: 'kubectl'
2025-03-15 12:34:54,115 - kubeconfig_service - ERROR - Error uploading kubeconfig: 500: An error occurred: [Errno 2] No such file or directory: 'kubectl'
2025-03-15 12:36:18,484 - kubeconfig_service - ERROR - Dev token validation error: Signature verification failed.
2025-03-15 12:36:50,704 - kubeconfig_service - ERROR - Dev token validation error: Signature verification failed.
2025-03-15 12:37:19,398 - kubeconfig_service - ERROR - Dev token validation error: Signature verification failed.
2025-03-15 12:43:06,851 - kubeconfig_service - INFO - User 4 uploaded kubeconfig: 0654068f-9ffe-4cfd-87ae-ddfd9fa39b56.yaml
2025-03-15 12:46:17,338 - kubeconfig_service - ERROR - Dev token validation error: Signature verification failed.
2025-03-15 12:46:55,795 - kubeconfig_service - INFO - Starting KubeConfig Management Service
2025-03-15 12:46:55,796 - kubeconfig_service - INFO - Creating database and tables if they don't exist
2025-03-15 12:47:53,494 - kubeconfig_service - ERROR - Dev token validation error: Signature verification failed.
2025-03-15 12:48:15,064 - kubeconfig_service - INFO - Starting KubeConfig Management Service
2025-03-15 12:48:15,064 - kubeconfig_service - INFO - Creating database and tables if they don't exist
2025-03-15 12:48:50,870 - kubeconfig_service - INFO - Starting KubeConfig Management Service
2025-03-15 12:48:50,870 - kubeconfig_service - INFO - Creating database and tables if they don't exist
2025-03-15 12:49:54,880 - kubeconfig_service - INFO - User 4 activated kubeconfig: 0654068f-9ffe-4cfd-87ae-ddfd9fa39b56.yaml
2025-03-15 12:50:21,412 - kubeconfig_service - ERROR - Error executing command: [Errno 2] No such file or directory: 'helm'
2025-03-15 12:51:18,292 - kubeconfig_service - ERROR - Dev token validation error: Signature verification failed.
2025-03-15 12:51:41,022 - kubeconfig_service - INFO - Starting KubeConfig Management Service
2025-03-15 12:51:41,022 - kubeconfig_service - INFO - Creating database and tables if they don't exist
2025-03-15 12:51:52,499 - kubeconfig_service - INFO - Starting KubeConfig Management Service
2025-03-15 12:51:52,499 - kubeconfig_service - INFO - Creating database and tables if they don't exist
2025-03-15 12:51:56,759 - kubeconfig_service - INFO - User 4 retrieved namespaces from cluster ashish-k8s
2025-03-15 12:56:18,928 - kubeconfig_service - INFO - Starting KubeConfig Management Service
2025-03-15 12:56:18,929 - kubeconfig_service - INFO - Creating database and tables if they don't exist
