2025-03-26 06:55:33,184 - kubeconfig_service - INFO - RabbitMQ connection established
2025-03-26 06:55:33,212 - kubeconfig_service - INFO - Creating database and tables if they don't exist
2025-03-26 06:55:33,258 - kubeconfig_service - INFO - Consumer set up for queue user_events
2025-03-26 06:55:33,258 - kubeconfig_service - INFO - Starting to consume messages
2025-03-26 06:55:33,258 - kubeconfig_service - INFO - Event consumers started in background
2025-03-26 06:55:33,259 - kubeconfig_service - INFO - KubeConfig service started
2025-03-26 07:00:22,848 - kubeconfig_service - INFO - Received user event: user_created
2025-03-26 07:00:22,849 - kubeconfig_service - INFO - New user created: demo (ID: 1)
2025-03-26 07:03:10,888 - kubeconfig_service - INFO - RabbitMQ connection established
2025-03-26 07:03:10,916 - kubeconfig_service - INFO - Creating database and tables if they don't exist
2025-03-26 07:03:10,939 - kubeconfig_service - INFO - Consumer set up for queue user_events
2025-03-26 07:03:10,939 - kubeconfig_service - INFO - Starting to consume messages
2025-03-26 07:03:10,939 - kubeconfig_service - INFO - Event consumers started in background
2025-03-26 07:03:10,940 - kubeconfig_service - INFO - Received user event: user_login
2025-03-26 07:03:10,940 - kubeconfig_service - INFO - KubeConfig service started
2025-03-26 07:03:23,564 - kubeconfig_service - INFO - Upload request received for user 1 with file k8s.yaml
2025-03-26 07:03:23,566 - kubeconfig_service - ERROR - Error executing command: [Errno 2] No such file or directory: 'kubectl'
2025-03-26 07:03:23,567 - kubeconfig_service - ERROR - Error uploading kubeconfig: 500: An error occurred: [Errno 2] No such file or directory: 'kubectl'
2025-03-26 07:12:18,864 - kubeconfig_service - INFO - Upload request received for user 1 with file k8s.yaml
2025-03-26 07:12:19,017 - kubeconfig_service - INFO - User 1 uploaded kubeconfig: 95cd9e29-b399-4aa6-90b0-8f0fbb85cec9.yaml
2025-03-26 07:12:19,022 - kubeconfig_service - ERROR - Error while consuming messages: Stream connection lost: IndexError('pop from an empty deque')
2025-03-26 07:12:19,022 - kubeconfig_service - ERROR - Failed to publish message: Stream connection lost: IndexError('pop from an empty deque')
2025-03-26 07:12:22,045 - kubeconfig_service - INFO - User 1 activated kubeconfig: 95cd9e29-b399-4aa6-90b0-8f0fbb85cec9.yaml
2025-03-26 07:12:30,754 - kubeconfig_service - ERROR - Error executing command: [Errno 2] No such file or directory: 'helm'
2025-03-26 07:12:34,730 - kubeconfig_service - INFO - User 1 retrieved namespaces from cluster ashish-k8s
2025-03-26 07:12:36,430 - kubeconfig_service - ERROR - Command execution failed: 
2025-03-26 07:12:42,385 - kubeconfig_service - INFO - User 1 retrieved namespaces from cluster ashish-k8s
2025-03-26 07:12:43,779 - kubeconfig_service - ERROR - Command execution failed: 
2025-03-26 07:14:24,910 - kubeconfig_service - INFO - User 1 retrieved namespaces from cluster ashish-k8s
2025-03-26 07:15:40,299 - kubeconfig_service - INFO - User 1 retrieved namespaces from cluster ashish-k8s
2025-03-26 07:18:44,504 - kubeconfig_service - INFO - User 1 retrieved namespaces from cluster ashish-k8s
2025-03-26 07:18:44,507 - kubeconfig_service - ERROR - Failed to publish message: Stream connection lost: ConnectionResetError(104, 'Connection reset by peer')
2025-03-26 07:19:45,912 - kubeconfig_service - INFO - User 1 retrieved namespaces from cluster ashish-k8s
2025-03-26 07:19:50,947 - kubeconfig_service - INFO - User 1 retrieved namespaces from cluster ashish-k8s
2025-03-26 07:20:21,833 - kubeconfig_service - INFO - User 1 retrieved namespaces from cluster ashish-k8s
2025-03-26 07:23:47,064 - kubeconfig_service - INFO - User 1 retrieved namespaces from cluster ashish-k8s
2025-03-26 07:23:47,068 - kubeconfig_service - ERROR - Failed to publish message: Stream connection lost: ConnectionResetError(104, 'Connection reset by peer')
2025-03-26 07:27:23,397 - kubeconfig_service - INFO - User 1 retrieved namespaces from cluster ashish-k8s
2025-03-26 07:46:06,939 - kubeconfig_service - INFO - RabbitMQ connection established
2025-03-26 07:46:06,968 - kubeconfig_service - INFO - Creating database and tables if they don't exist
2025-03-26 07:46:06,991 - kubeconfig_service - INFO - Consumer set up for queue user_events
2025-03-26 07:46:06,992 - kubeconfig_service - INFO - Starting to consume messages
2025-03-26 07:46:06,992 - kubeconfig_service - INFO - Event consumers started in background
2025-03-26 07:46:06,992 - kubeconfig_service - INFO - Received user event: user_login
2025-03-26 07:46:06,992 - kubeconfig_service - INFO - KubeConfig service started
2025-03-26 07:46:10,375 - kubeconfig_service - INFO - RabbitMQ connection established
2025-03-26 07:46:10,415 - kubeconfig_service - INFO - Creating database and tables if they don't exist
2025-03-26 07:46:10,437 - kubeconfig_service - INFO - Consumer set up for queue user_events
2025-03-26 07:46:10,446 - kubeconfig_service - INFO - Starting to consume messages
2025-03-26 07:46:10,446 - kubeconfig_service - INFO - Event consumers started in background
2025-03-26 07:46:10,447 - kubeconfig_service - INFO - KubeConfig service started
2025-03-26 07:50:11,961 - kubeconfig_service - INFO - Received user event: user_login
2025-03-26 07:50:23,301 - kubeconfig_service - INFO - Upload request received for user 1 with file k8s.yaml
2025-03-26 07:50:23,450 - kubeconfig_service - INFO - User 1 uploaded kubeconfig: 5a268f55-3e79-4bdc-ac9a-1e2e13bf0d64.yaml
2025-03-26 07:50:23,452 - kubeconfig_service - ERROR - Error while consuming messages: Stream connection lost: IndexError('pop from an empty deque')
2025-03-26 07:50:23,452 - kubeconfig_service - ERROR - Failed to publish message: Stream connection lost: IndexError('pop from an empty deque')
2025-03-26 07:50:26,292 - kubeconfig_service - INFO - User 1 retrieved namespaces from cluster ashish-k8s
2025-03-26 07:57:46,155 - kubeconfig_service - ERROR - Error executing command: [Errno 2] No such file or directory: 'helm'
2025-03-26 07:57:46,158 - kubeconfig_service - ERROR - Failed to publish message: Stream connection lost: ConnectionResetError(104, 'Connection reset by peer')
2025-03-26 07:57:54,738 - kubeconfig_service - INFO - User 1 retrieved namespaces from cluster ashish-k8s
2025-03-26 08:03:24,324 - kubeconfig_service - INFO - User 1 retrieved namespaces from cluster ashish-k8s
2025-03-26 08:03:24,327 - kubeconfig_service - ERROR - Failed to publish message: Stream connection lost: ConnectionResetError(104, 'Connection reset by peer')
2025-03-26 08:05:13,357 - kubeconfig_service - INFO - User 1 retrieved namespaces from cluster ashish-k8s
2025-03-26 08:05:17,093 - kubeconfig_service - INFO - User 1 retrieved namespaces from cluster ashish-k8s
2025-03-26 08:07:20,653 - kubeconfig_service - INFO - User 1 retrieved namespaces from cluster ashish-k8s
2025-03-26 08:08:22,538 - kubeconfig_service - INFO - User 1 removed kubeconfig 5a268f55-3e79-4bdc-ac9a-1e2e13bf0d64.yaml
2025-03-26 08:08:24,815 - kubeconfig_service - INFO - User 1 removed kubeconfig 95cd9e29-b399-4aa6-90b0-8f0fbb85cec9.yaml
2025-03-26 08:08:33,760 - kubeconfig_service - INFO - Upload request received for user 1 with file ashish-k8s.yaml
2025-03-26 08:08:33,882 - kubeconfig_service - INFO - User 1 uploaded kubeconfig: 5042a2bd-3f4e-4adb-95bc-76aa43edcf55.yaml
2025-03-26 08:08:37,066 - kubeconfig_service - INFO - User 1 activated kubeconfig: 5042a2bd-3f4e-4adb-95bc-76aa43edcf55.yaml
2025-03-26 08:08:43,023 - kubeconfig_service - ERROR - Error executing command: [Errno 2] No such file or directory: 'helm'
2025-03-26 08:08:54,707 - kubeconfig_service - ERROR - Error executing command: [Errno 2] No such file or directory: 'helm'
2025-03-26 08:12:00,962 - kubeconfig_service - ERROR - Failed to publish message: Stream connection lost: ConnectionResetError(104, 'Connection reset by peer')
2025-03-26 08:12:00,962 - kubeconfig_service - INFO - User 1 removed kubeconfig 5042a2bd-3f4e-4adb-95bc-76aa43edcf55.yaml
2025-03-26 08:12:29,927 - kubeconfig_service - INFO - Upload request received for user 1 with file ashish-k8s(1).yaml
2025-03-26 08:12:30,065 - kubeconfig_service - INFO - User 1 uploaded kubeconfig: 71a57963-fede-4e25-a58d-330b26f41046.yaml
2025-03-26 08:12:32,924 - kubeconfig_service - INFO - User 1 activated kubeconfig: 71a57963-fede-4e25-a58d-330b26f41046.yaml
2025-03-26 08:12:37,824 - kubeconfig_service - ERROR - Error executing command: [Errno 2] No such file or directory: 'helm'
2025-03-26 08:13:04,367 - kubeconfig_service - ERROR - Error executing command: [Errno 2] No such file or directory: 'helm'
2025-03-26 08:14:10,960 - kubeconfig_service - INFO - User 1 removed kubeconfig 71a57963-fede-4e25-a58d-330b26f41046.yaml
2025-03-26 08:14:25,751 - kubeconfig_service - INFO - Upload request received for user 1 with file ashish-k8s(1).yaml
2025-03-26 08:14:25,868 - kubeconfig_service - INFO - User 1 uploaded kubeconfig: af0ce696-d120-4ab3-bd6f-66354c366dac.yaml
2025-03-26 08:14:31,641 - kubeconfig_service - INFO - User 1 activated kubeconfig: af0ce696-d120-4ab3-bd6f-66354c366dac.yaml
2025-03-26 08:14:43,344 - kubeconfig_service - ERROR - Error executing command: [Errno 2] No such file or directory: 'helm'
2025-03-26 08:17:09,401 - kubeconfig_service - INFO - User 1 removed kubeconfig af0ce696-d120-4ab3-bd6f-66354c366dac.yaml
2025-03-26 08:17:13,081 - kubeconfig_service - INFO - Upload request received for user 1 with file ashish-k8s(1).yaml
2025-03-26 08:17:13,235 - kubeconfig_service - INFO - User 1 uploaded kubeconfig: 466ce66e-54e9-46f0-bd3a-d6565105ae3e.yaml
2025-03-26 08:17:16,811 - kubeconfig_service - INFO - User 1 activated kubeconfig: 466ce66e-54e9-46f0-bd3a-d6565105ae3e.yaml
2025-03-26 08:17:26,409 - kubeconfig_service - INFO - User 1 installed operator on cluster ashish-k8s
2025-03-26 08:17:41,657 - kubeconfig_service - INFO - User 1 retrieved namespaces from cluster ashish-k8s
2025-03-26 08:18:11,318 - kubeconfig_service - INFO - User 1 retrieved namespaces from cluster ashish-k8s
2025-03-26 08:19:57,692 - kubeconfig_service - INFO - User 1 retrieved namespaces from cluster ashish-k8s
2025-03-26 09:47:12,297 - kubeconfig_service - INFO - User 1 retrieved namespaces from cluster ashish-k8s
2025-03-26 09:47:12,300 - kubeconfig_service - ERROR - Failed to publish message: Stream connection lost: ConnectionResetError(104, 'Connection reset by peer')
2025-03-26 09:52:01,819 - kubeconfig_service - INFO - User 1 retrieved namespaces from cluster ashish-k8s
2025-03-26 09:52:12,652 - kubeconfig_service - INFO - User 1 retrieved namespaces from cluster ashish-k8s
2025-03-26 09:53:07,218 - kubeconfig_service - INFO - User 1 retrieved namespaces from cluster ashish-k8s
2025-03-26 09:54:54,889 - kubeconfig_service - INFO - User 1 retrieved namespaces from cluster ashish-k8s
2025-03-26 09:55:05,677 - kubeconfig_service - INFO - User 1 retrieved namespaces from cluster ashish-k8s
2025-03-26 09:56:56,116 - kubeconfig_service - INFO - User 1 retrieved namespaces from cluster ashish-k8s
2025-03-26 09:57:04,797 - kubeconfig_service - INFO - User 1 retrieved namespaces from cluster ashish-k8s
2025-03-26 09:58:19,854 - kubeconfig_service - INFO - User 1 retrieved namespaces from cluster ashish-k8s
2025-03-26 09:58:33,591 - kubeconfig_service - INFO - User 1 retrieved namespaces from cluster ashish-k8s
2025-03-26 09:58:59,236 - kubeconfig_service - INFO - User 1 retrieved namespaces from cluster ashish-k8s
2025-03-26 09:59:05,167 - kubeconfig_service - INFO - User 1 retrieved namespaces from cluster ashish-k8s
2025-03-26 09:59:37,808 - kubeconfig_service - INFO - User 1 retrieved namespaces from cluster ashish-k8s
2025-03-26 10:01:45,725 - kubeconfig_service - INFO - User 1 retrieved namespaces from cluster ashish-k8s
2025-03-26 10:08:49,370 - kubeconfig_service - INFO - User 1 retrieved namespaces from cluster ashish-k8s
2025-03-26 10:08:49,373 - kubeconfig_service - ERROR - Failed to publish message: Stream connection lost: ConnectionResetError(104, 'Connection reset by peer')
2025-03-26 10:09:07,588 - kubeconfig_service - INFO - User 1 retrieved namespaces from cluster ashish-k8s
2025-03-26 10:13:48,191 - kubeconfig_service - INFO - User 1 retrieved namespaces from cluster ashish-k8s
2025-03-26 10:13:48,194 - kubeconfig_service - ERROR - Failed to publish message: Stream connection lost: ConnectionResetError(104, 'Connection reset by peer')
2025-03-26 10:14:31,000 - kubeconfig_service - INFO - User 1 retrieved namespaces from cluster ashish-k8s
2025-03-26 10:14:38,111 - kubeconfig_service - INFO - User 1 retrieved namespaces from cluster ashish-k8s
2025-03-26 10:14:49,278 - kubeconfig_service - INFO - User 1 retrieved namespaces from cluster ashish-k8s
2025-03-26 10:15:07,228 - kubeconfig_service - INFO - User 1 retrieved namespaces from cluster ashish-k8s
